<?xml version="1.0" encoding="UTF-8"?>
<!-- Generated by org.testng.reporters.JUnitReportReporter -->
<testsuite name="com.Apptest.ExcelTest2" tests="1" time="120.044" ignored="0" failures="0" timestamp="24 Feb 2020 02:20:46 GMT" skipped="0" hostname="H1DRNV2" errors="0">
  <testcase name="excelread" time="120.044" classname="com.Apptest.ExcelTest2"/>
</testsuite> <!-- com.Apptest.ExcelTest2 -->
