<?xml version="1.0" encoding="UTF-8"?>
<!-- Generated by org.testng.reporters.JUnitReportReporter -->
<testsuite name="com.Apptest.ExcelTest" tests="1" time="41.190" ignored="0" failures="0" timestamp="24 Feb 2020 02:01:21 GMT" skipped="0" hostname="H1DRNV2" errors="0">
  <testcase name="excelread" time="41.190" classname="com.Apptest.ExcelTest"/>
</testsuite> <!-- com.Apptest.ExcelTest -->
