<?xml version="1.0" encoding="UTF-8"?>
<!-- Generated by org.testng.reporters.JUnitReportReporter -->
<testsuite name="com.Apptest.AppTest" tests="1" time="58.603" ignored="0" failures="0" timestamp="30 Jan 2020 02:28:04 GMT" skipped="0" hostname="H1DRNV2" errors="0">
  <testcase name="loginApplication" time="58.603" classname="com.Apptest.AppTest"/>
</testsuite> <!-- com.Apptest.AppTest -->
