<?xml version="1.0" encoding="UTF-8"?>
<!-- Generated by org.testng.reporters.JUnitReportReporter -->
<testsuite name="com.Apptest.SuppliersTest" tests="3" time="35.323" ignored="0" failures="0" timestamp="11 Feb 2020 02:53:33 GMT" skipped="0" hostname="H1DRNV2" errors="0">
  <testcase name="suppliersTest" time="16.718" classname="com.Apptest.SuppliersTest"/>
  <testcase name="suppliersUrlTittle" time="9.376" classname="com.Apptest.SuppliersTest"/>
  <testcase name="auppliersurlTest" time="9.229" classname="com.Apptest.SuppliersTest"/>
</testsuite> <!-- com.Apptest.SuppliersTest -->
