<?xml version="1.0" encoding="UTF-8"?>
<!-- Generated by org.testng.reporters.JUnitReportReporter -->
<testsuite name="com.Apptest.ColorHeaderTest" tests="1" time="57.297" ignored="0" failures="0" timestamp="18 Feb 2020 02:58:06 GMT" skipped="0" hostname="1SYPSQ2" errors="0">
  <testcase name="Colorheader" time="57.297" classname="com.Apptest.ColorHeaderTest"/>
</testsuite> <!-- com.Apptest.ColorHeaderTest -->
