<?xml version="1.0" encoding="UTF-8"?>
<!-- Generated by org.testng.reporters.JUnitReportReporter -->
<testsuite name="com.Apptest.StoreLinkTest" tests="1" time="16.220" ignored="0" failures="0" timestamp="10 Feb 2020 03:23:07 GMT" skipped="0" hostname="AMMY-PC" errors="0">
  <testcase name="storelinktest" time="16.220" classname="com.Apptest.StoreLinkTest"/>
</testsuite> <!-- com.Apptest.StoreLinkTest -->
