<?xml version="1.0" encoding="UTF-8"?>
<!-- Generated by org.testng.reporters.JUnitReportReporter -->
<testsuite name="com.Apptest.ColorHeaderTest" tests="1" time="118.760" ignored="0" failures="0" timestamp="19 Feb 2020 02:57:34 GMT" skipped="0" hostname="AMMY-PC" errors="0">
  <testcase name="Colorheader" time="118.760" classname="com.Apptest.ColorHeaderTest"/>
</testsuite> <!-- com.Apptest.ColorHeaderTest -->
