<?xml version="1.0" encoding="UTF-8"?>
<!-- Generated by org.testng.reporters.JUnitReportReporter -->
<testsuite name="com.Apptest.BrowserTest" tests="1" time="13.113" ignored="0" failures="0" timestamp="30 Jan 2020 03:14:37 GMT" skipped="0" hostname="H1DRNV2" errors="0">
  <testcase name="QAtest" time="13.113" classname="com.Apptest.BrowserTest"/>
</testsuite> <!-- com.Apptest.BrowserTest -->
